2023-08-10 10:04:15 [scrapy.utils.log] INFO: Scrapy 2.8.0 started (bot: book)
2023-08-10 10:04:15 [scrapy.utils.log] INFO: Versions: lxml 4.6.2.0, libxml2 2.9.10, cssselect 1.1.0, parsel 1.7.0, w3lib 2.1.1, Twisted 20.3.0, Python 3.8.10 (tags/v3.8.10:3d8993a, May  3 2021, 11:48:03) [MSC v.1928 64 bit (AMD64)], pyOpenSSL 22.0.0 (OpenSSL 1.1.1n  15 Mar 2022), cryptography 36.0.2, Platform Windows-10-10.0.19041-SP0
2023-08-10 10:04:15 [scrapy.crawler] INFO: Overridden settings:
{'BOT_NAME': 'book',
 'COOKIES_ENABLED': False,
 'FEED_EXPORT_ENCODING': 'utf-8',
 'LOG_FILE': 'C:\\Users\\Administrator\\PycharmProjects\\spider_study\\scrapy_demo\\book\\book\\log\\scrapy_2023-08-10.log',
 'LOG_LEVEL': 'INFO',
 'NEWSPIDER_MODULE': 'book.spiders',
 'REQUEST_FINGERPRINTER_IMPLEMENTATION': '2.7',
 'SPIDER_MODULES': ['book.spiders'],
 'TWISTED_REACTOR': 'twisted.internet.asyncioreactor.AsyncioSelectorReactor'}
2023-08-10 10:04:15 [scrapy.extensions.telnet] INFO: Telnet Password: cdb4a8905edd84f8
2023-08-10 10:04:15 [scrapy.middleware] INFO: Enabled extensions:
['scrapy.extensions.corestats.CoreStats',
 'scrapy.extensions.telnet.TelnetConsole',
 'scrapy.extensions.logstats.LogStats',
 'book.tool.extensions.TimingExtension']
2023-08-10 10:04:15 [scrapy.middleware] INFO: Enabled downloader middlewares:
['scrapy.downloadermiddlewares.httpauth.HttpAuthMiddleware',
 'scrapy.downloadermiddlewares.downloadtimeout.DownloadTimeoutMiddleware',
 'scrapy.downloadermiddlewares.defaultheaders.DefaultHeadersMiddleware',
 'scrapy.downloadermiddlewares.useragent.UserAgentMiddleware',
 'book.middlewares.BookDownloaderMiddleware',
 'scrapy.downloadermiddlewares.retry.RetryMiddleware',
 'scrapy.downloadermiddlewares.redirect.MetaRefreshMiddleware',
 'scrapy.downloadermiddlewares.httpcompression.HttpCompressionMiddleware',
 'scrapy.downloadermiddlewares.redirect.RedirectMiddleware',
 'scrapy.downloadermiddlewares.httpproxy.HttpProxyMiddleware',
 'scrapy.downloadermiddlewares.stats.DownloaderStats']
2023-08-10 10:04:15 [scrapy.middleware] INFO: Enabled spider middlewares:
['scrapy.spidermiddlewares.httperror.HttpErrorMiddleware',
 'scrapy.spidermiddlewares.offsite.OffsiteMiddleware',
 'scrapy.spidermiddlewares.referer.RefererMiddleware',
 'scrapy.spidermiddlewares.urllength.UrlLengthMiddleware',
 'scrapy.spidermiddlewares.depth.DepthMiddleware']
2023-08-10 10:04:15 [scrapy.middleware] INFO: Enabled item pipelines:
[]
2023-08-10 10:04:15 [scrapy.core.engine] INFO: Spider opened
2023-08-10 10:04:16 [scrapy.extensions.logstats] INFO: Crawled 0 pages (at 0 pages/min), scraped 0 items (at 0 items/min)
2023-08-10 10:04:16 [scrape_book] INFO: Spider opened: scrape_book
2023-08-10 10:04:16 [scrapy.extensions.telnet] INFO: Telnet console listening on 127.0.0.1:6023
2023-08-10 10:04:16 [root] INFO: scrape_book正在请求的url是: https://spa5.scrape.center/api/book/?limit=18&offset=0
2023-08-10 10:04:16 [root] INFO: scrape_book正在请求的url是: https://spa5.scrape.center/api/book/?limit=18&offset=18
2023-08-10 10:04:16 [root] INFO: scrape_book正在请求的url是: https://spa5.scrape.center/api/book/?limit=18&offset=36
2023-08-10 10:04:23 [scrapy.core.engine] INFO: Closing spider (finished)
2023-08-10 10:04:23 [root] INFO: scrape_book爬取开始时间：2023-08-10 10:04:16
2023-08-10 10:04:23 [root] INFO: scrape_book爬取结束时间：2023-08-10 10:04:23
2023-08-10 10:04:23 [root] INFO: scrape_book爬取总耗时：0:00:07.357598
2023-08-10 10:04:23 [root] INFO: scrape_book爬取的Item总数：54
2023-08-10 10:04:23 [root] INFO: ----------------------------------------2023-08-10 10:04:23.382779----------------------------------------
2023-08-10 10:04:23 [root] INFO: 

2023-08-10 10:04:23 [root] INFO: 

2023-08-10 10:04:23 [scrapy.statscollectors] INFO: Dumping Scrapy stats:
{'downloader/request_bytes': 700,
 'downloader/request_count': 3,
 'downloader/request_method_count/GET': 3,
 'downloader/response_bytes': 10355,
 'downloader/response_count': 3,
 'downloader/response_status_count/200': 3,
 'elapsed_time_seconds': 7.357598,
 'finish_reason': 'finished',
 'finish_time': datetime.datetime(2023, 8, 10, 2, 4, 23, 382779),
 'item_scraped_count': 54,
 'log_count/INFO': 21,
 'response_received_count': 3,
 'scheduler/dequeued': 3,
 'scheduler/dequeued/memory': 3,
 'scheduler/enqueued': 3,
 'scheduler/enqueued/memory': 3,
 'start_time': datetime.datetime(2023, 8, 10, 2, 4, 16, 25181)}
2023-08-10 10:04:23 [scrapy.core.engine] INFO: Spider closed (finished)
