2023-07-12 11:41:24 [scrapy.utils.log] INFO: Scrapy 2.8.0 started (bot: book)
2023-07-12 11:41:24 [scrapy.utils.log] INFO: Versions: lxml 4.6.2.0, libxml2 2.9.10, cssselect 1.1.0, parsel 1.7.0, w3lib 2.1.1, Twisted 20.3.0, Python 3.8.10 (tags/v3.8.10:3d8993a, May  3 2021, 11:48:03) [MSC v.1928 64 bit (AMD64)], pyOpenSSL 23.0.0 (OpenSSL 3.0.8 7 Feb 2023), cryptography 39.0.2, Platform Windows-10-10.0.19041-SP0
2023-07-12 11:41:24 [scrapy.crawler] INFO: Overridden settings:
{'BOT_NAME': 'book',
 'COOKIES_ENABLED': False,
 'FEED_EXPORT_ENCODING': 'utf-8',
 'LOG_FILE': 'C:\\Users\\Administrator\\PycharmProjects\\spider_study\\scrapy_demo\\book\\book\\log\\scrapy_2023-07-12.log',
 'LOG_LEVEL': 'INFO',
 'NEWSPIDER_MODULE': 'book.spiders',
 'REQUEST_FINGERPRINTER_IMPLEMENTATION': '2.7',
 'SPIDER_MODULES': ['book.spiders'],
 'TWISTED_REACTOR': 'twisted.internet.asyncioreactor.AsyncioSelectorReactor'}
2023-07-12 11:41:24 [scrapy.extensions.telnet] INFO: Telnet Password: 508553c7acd39c93
2023-07-12 11:42:09 [scrapy.utils.log] INFO: Scrapy 2.8.0 started (bot: book)
2023-07-12 11:42:09 [scrapy.utils.log] INFO: Versions: lxml 4.6.2.0, libxml2 2.9.10, cssselect 1.1.0, parsel 1.7.0, w3lib 2.1.1, Twisted 20.3.0, Python 3.8.10 (tags/v3.8.10:3d8993a, May  3 2021, 11:48:03) [MSC v.1928 64 bit (AMD64)], pyOpenSSL 23.0.0 (OpenSSL 3.0.8 7 Feb 2023), cryptography 39.0.2, Platform Windows-10-10.0.19041-SP0
2023-07-12 11:42:09 [scrapy.crawler] INFO: Overridden settings:
{'BOT_NAME': 'book',
 'COOKIES_ENABLED': False,
 'FEED_EXPORT_ENCODING': 'utf-8',
 'LOG_FILE': 'C:\\Users\\Administrator\\PycharmProjects\\spider_study\\scrapy_demo\\book\\book\\log\\scrapy_2023-07-12.log',
 'LOG_LEVEL': 'INFO',
 'NEWSPIDER_MODULE': 'book.spiders',
 'REQUEST_FINGERPRINTER_IMPLEMENTATION': '2.7',
 'SPIDER_MODULES': ['book.spiders'],
 'TWISTED_REACTOR': 'twisted.internet.asyncioreactor.AsyncioSelectorReactor'}
2023-07-12 11:42:09 [scrapy.extensions.telnet] INFO: Telnet Password: ee433767b526afaa
2023-07-12 11:42:31 [scrapy.utils.log] INFO: Scrapy 2.8.0 started (bot: book)
2023-07-12 11:42:31 [scrapy.utils.log] INFO: Versions: lxml 4.6.2.0, libxml2 2.9.10, cssselect 1.1.0, parsel 1.7.0, w3lib 2.1.1, Twisted 20.3.0, Python 3.8.10 (tags/v3.8.10:3d8993a, May  3 2021, 11:48:03) [MSC v.1928 64 bit (AMD64)], pyOpenSSL 23.0.0 (OpenSSL 3.0.8 7 Feb 2023), cryptography 39.0.2, Platform Windows-10-10.0.19041-SP0
2023-07-12 11:42:31 [scrapy.crawler] INFO: Overridden settings:
{'BOT_NAME': 'book',
 'COOKIES_ENABLED': False,
 'FEED_EXPORT_ENCODING': 'utf-8',
 'LOG_FILE': 'C:\\Users\\Administrator\\PycharmProjects\\spider_study\\scrapy_demo\\book\\book\\log\\scrapy_2023-07-12.log',
 'LOG_LEVEL': 'INFO',
 'NEWSPIDER_MODULE': 'book.spiders',
 'REQUEST_FINGERPRINTER_IMPLEMENTATION': '2.7',
 'SPIDER_MODULES': ['book.spiders'],
 'TWISTED_REACTOR': 'twisted.internet.asyncioreactor.AsyncioSelectorReactor'}
2023-07-12 11:42:31 [scrapy.extensions.telnet] INFO: Telnet Password: 06da4213aed600ef
2023-07-12 11:43:29 [scrapy.utils.log] INFO: Scrapy 2.8.0 started (bot: book)
2023-07-12 11:43:29 [scrapy.utils.log] INFO: Versions: lxml 4.6.2.0, libxml2 2.9.10, cssselect 1.1.0, parsel 1.7.0, w3lib 2.1.1, Twisted 20.3.0, Python 3.8.10 (tags/v3.8.10:3d8993a, May  3 2021, 11:48:03) [MSC v.1928 64 bit (AMD64)], pyOpenSSL 23.0.0 (OpenSSL 3.0.8 7 Feb 2023), cryptography 39.0.2, Platform Windows-10-10.0.19041-SP0
2023-07-12 11:43:29 [scrapy.crawler] INFO: Overridden settings:
{'BOT_NAME': 'book',
 'COOKIES_ENABLED': False,
 'FEED_EXPORT_ENCODING': 'utf-8',
 'LOG_FILE': 'C:\\Users\\Administrator\\PycharmProjects\\spider_study\\scrapy_demo\\book\\book\\log\\scrapy_2023-07-12.log',
 'LOG_LEVEL': 'INFO',
 'NEWSPIDER_MODULE': 'book.spiders',
 'REQUEST_FINGERPRINTER_IMPLEMENTATION': '2.7',
 'SPIDER_MODULES': ['book.spiders'],
 'TWISTED_REACTOR': 'twisted.internet.asyncioreactor.AsyncioSelectorReactor'}
2023-07-12 11:43:29 [scrapy.extensions.telnet] INFO: Telnet Password: bfac516ffb840631
2023-07-12 11:43:29 [scrapy.middleware] INFO: Enabled extensions:
['scrapy.extensions.corestats.CoreStats',
 'scrapy.extensions.telnet.TelnetConsole',
 'scrapy.extensions.logstats.LogStats',
 'book.tool.extensions.TimingExtension',
 'book.tool.extensions.CustomLogStats']
2023-07-12 11:43:29 [scrapy.middleware] INFO: Enabled downloader middlewares:
['scrapy.downloadermiddlewares.httpauth.HttpAuthMiddleware',
 'scrapy.downloadermiddlewares.downloadtimeout.DownloadTimeoutMiddleware',
 'scrapy.downloadermiddlewares.defaultheaders.DefaultHeadersMiddleware',
 'scrapy.downloadermiddlewares.useragent.UserAgentMiddleware',
 'book.middlewares.BookDownloaderMiddleware',
 'scrapy.downloadermiddlewares.retry.RetryMiddleware',
 'scrapy.downloadermiddlewares.redirect.MetaRefreshMiddleware',
 'scrapy.downloadermiddlewares.httpcompression.HttpCompressionMiddleware',
 'scrapy.downloadermiddlewares.redirect.RedirectMiddleware',
 'scrapy.downloadermiddlewares.httpproxy.HttpProxyMiddleware',
 'scrapy.downloadermiddlewares.stats.DownloaderStats']
2023-07-12 11:43:29 [scrapy.middleware] INFO: Enabled spider middlewares:
['scrapy.spidermiddlewares.httperror.HttpErrorMiddleware',
 'scrapy.spidermiddlewares.offsite.OffsiteMiddleware',
 'scrapy.spidermiddlewares.referer.RefererMiddleware',
 'scrapy.spidermiddlewares.urllength.UrlLengthMiddleware',
 'scrapy.spidermiddlewares.depth.DepthMiddleware']
2023-07-12 11:43:29 [scrapy.middleware] INFO: Enabled item pipelines:
[]
2023-07-12 11:43:29 [scrapy.core.engine] INFO: Spider opened
2023-07-12 11:43:29 [scrapy.extensions.logstats] INFO: Crawled 0 pages (at 0 pages/min), scraped 0 items (at 0 items/min)
2023-07-12 11:43:29 [scrapy.extensions.logstats] INFO: Crawled 0 pages (at 0 pages/min), scraped 0 items (at 0 items/min)
2023-07-12 11:43:29 [scrape_book] INFO: Spider opened: scrape_book
2023-07-12 11:43:29 [scrapy.extensions.telnet] INFO: Telnet console listening on 127.0.0.1:6023
2023-07-12 11:43:29 [root] INFO: scrape_book正在请求的url是: https://spa5.scrape.center/api/book/?limit=18&offset=0
2023-07-12 11:43:29 [root] INFO: scrape_book正在请求的url是: https://spa5.scrape.center/api/book/?limit=18&offset=18
2023-07-12 11:43:29 [root] INFO: scrape_book正在请求的url是: https://spa5.scrape.center/api/book/?limit=18&offset=36
2023-07-12 11:43:37 [scrapy.core.engine] INFO: Closing spider (finished)
2023-07-12 11:43:37 [root] INFO: scrape_book爬取开始时间：2023-07-12 11:43:29
2023-07-12 11:43:37 [root] INFO: scrape_book爬取结束时间：2023-07-12 11:43:37
2023-07-12 11:43:37 [root] INFO: scrape_book爬取总耗时：0:00:07.356699
2023-07-12 11:43:37 [root] INFO: scrape_book爬取的Item总数：54
2023-07-12 11:43:37 [scrapy.utils.signal] ERROR: Error caught on signal handler: <bound method CustomLogStats.spider_closed of <book.tool.extensions.CustomLogStats object at 0x0000025C0B09AC40>>
Traceback (most recent call last):
  File "D:\python\lib\site-packages\scrapy\utils\defer.py", line 312, in maybeDeferred_coro
    result = f(*args, **kw)
  File "D:\python\lib\site-packages\pydispatch\robustapply.py", line 55, in robustApply
    return receiver(*arguments, **named)
  File "C:\Users\Administrator\PycharmProjects\spider_study\scrapy_demo\book\book\tool\extensions.py", line 65, in spider_closed
    super().spider_closed(spider)
TypeError: spider_closed() missing 1 required positional argument: 'reason'
2023-07-12 11:43:37 [scrapy.statscollectors] INFO: Dumping Scrapy stats:
{'downloader/request_bytes': 819,
 'downloader/request_count': 3,
 'downloader/request_method_count/GET': 3,
 'downloader/response_bytes': 11161,
 'downloader/response_count': 3,
 'downloader/response_status_count/200': 3,
 'elapsed_time_seconds': 7.356699,
 'finish_reason': 'finished',
 'finish_time': datetime.datetime(2023, 7, 12, 3, 43, 37, 177381),
 'item_scraped_count': 54,
 'log_count/ERROR': 1,
 'log_count/INFO': 19,
 'response_received_count': 3,
 'scheduler/dequeued': 3,
 'scheduler/dequeued/memory': 3,
 'scheduler/enqueued': 3,
 'scheduler/enqueued/memory': 3,
 'start_time': datetime.datetime(2023, 7, 12, 3, 43, 29, 820682)}
2023-07-12 11:43:37 [scrapy.core.engine] INFO: Spider closed (finished)
2023-07-12 11:47:39 [scrapy.utils.log] INFO: Scrapy 2.8.0 started (bot: book)
2023-07-12 11:47:39 [scrapy.utils.log] INFO: Versions: lxml 4.6.2.0, libxml2 2.9.10, cssselect 1.1.0, parsel 1.7.0, w3lib 2.1.1, Twisted 20.3.0, Python 3.8.10 (tags/v3.8.10:3d8993a, May  3 2021, 11:48:03) [MSC v.1928 64 bit (AMD64)], pyOpenSSL 23.0.0 (OpenSSL 3.0.8 7 Feb 2023), cryptography 39.0.2, Platform Windows-10-10.0.19041-SP0
2023-07-12 11:47:39 [scrapy.crawler] INFO: Overridden settings:
{'BOT_NAME': 'book',
 'COOKIES_ENABLED': False,
 'FEED_EXPORT_ENCODING': 'utf-8',
 'LOG_FILE': 'C:\\Users\\Administrator\\PycharmProjects\\spider_study\\scrapy_demo\\book\\book\\log\\scrapy_2023-07-12.log',
 'LOG_LEVEL': 'INFO',
 'NEWSPIDER_MODULE': 'book.spiders',
 'REQUEST_FINGERPRINTER_IMPLEMENTATION': '2.7',
 'SPIDER_MODULES': ['book.spiders'],
 'TWISTED_REACTOR': 'twisted.internet.asyncioreactor.AsyncioSelectorReactor'}
2023-07-12 11:47:39 [scrapy.extensions.telnet] INFO: Telnet Password: 1f79e2383eae0870
2023-07-12 11:47:39 [scrapy.middleware] INFO: Enabled extensions:
['scrapy.extensions.corestats.CoreStats',
 'scrapy.extensions.telnet.TelnetConsole',
 'scrapy.extensions.logstats.LogStats',
 'book.tool.extensions.TimingExtension']
2023-07-12 11:47:39 [scrapy.middleware] INFO: Enabled downloader middlewares:
['scrapy.downloadermiddlewares.httpauth.HttpAuthMiddleware',
 'scrapy.downloadermiddlewares.downloadtimeout.DownloadTimeoutMiddleware',
 'scrapy.downloadermiddlewares.defaultheaders.DefaultHeadersMiddleware',
 'scrapy.downloadermiddlewares.useragent.UserAgentMiddleware',
 'book.middlewares.BookDownloaderMiddleware',
 'scrapy.downloadermiddlewares.retry.RetryMiddleware',
 'scrapy.downloadermiddlewares.redirect.MetaRefreshMiddleware',
 'scrapy.downloadermiddlewares.httpcompression.HttpCompressionMiddleware',
 'scrapy.downloadermiddlewares.redirect.RedirectMiddleware',
 'scrapy.downloadermiddlewares.httpproxy.HttpProxyMiddleware',
 'scrapy.downloadermiddlewares.stats.DownloaderStats']
2023-07-12 11:47:39 [scrapy.middleware] INFO: Enabled spider middlewares:
['scrapy.spidermiddlewares.httperror.HttpErrorMiddleware',
 'scrapy.spidermiddlewares.offsite.OffsiteMiddleware',
 'scrapy.spidermiddlewares.referer.RefererMiddleware',
 'scrapy.spidermiddlewares.urllength.UrlLengthMiddleware',
 'scrapy.spidermiddlewares.depth.DepthMiddleware']
2023-07-12 11:47:39 [scrapy.middleware] INFO: Enabled item pipelines:
[]
2023-07-12 11:47:39 [scrapy.core.engine] INFO: Spider opened
2023-07-12 11:47:39 [scrapy.extensions.logstats] INFO: Crawled 0 pages (at 0 pages/min), scraped 0 items (at 0 items/min)
2023-07-12 11:47:39 [scrape_book] INFO: Spider opened: scrape_book
2023-07-12 11:47:39 [scrapy.extensions.telnet] INFO: Telnet console listening on 127.0.0.1:6023
2023-07-12 11:47:39 [root] INFO: scrape_book正在请求的url是: https://spa5.scrape.center/api/book/?limit=18&offset=0
2023-07-12 11:47:39 [root] INFO: scrape_book正在请求的url是: https://spa5.scrape.center/api/book/?limit=18&offset=18
2023-07-12 11:47:39 [root] INFO: scrape_book正在请求的url是: https://spa5.scrape.center/api/book/?limit=18&offset=36
2023-07-12 11:47:42 [scrapy.core.engine] INFO: Closing spider (finished)
2023-07-12 11:47:42 [root] INFO: scrape_book爬取开始时间：2023-07-12 11:47:39
2023-07-12 11:47:42 [root] INFO: scrape_book爬取结束时间：2023-07-12 11:47:42
2023-07-12 11:47:42 [root] INFO: scrape_book爬取总耗时：0:00:02.571245
2023-07-12 11:47:42 [root] INFO: scrape_book爬取的Item总数：54
--------------------------------------------------
2023-07-12 11:47:42 [scrapy.statscollectors] INFO: Dumping Scrapy stats:
{'downloader/request_bytes': 753,
 'downloader/request_count': 3,
 'downloader/request_method_count/GET': 3,
 'downloader/response_bytes': 11160,
 'downloader/response_count': 3,
 'downloader/response_status_count/200': 3,
 'elapsed_time_seconds': 2.572242,
 'finish_reason': 'finished',
 'finish_time': datetime.datetime(2023, 7, 12, 3, 47, 42, 479524),
 'item_scraped_count': 54,
 'log_count/INFO': 18,
 'response_received_count': 3,
 'scheduler/dequeued': 3,
 'scheduler/dequeued/memory': 3,
 'scheduler/enqueued': 3,
 'scheduler/enqueued/memory': 3,
 'start_time': datetime.datetime(2023, 7, 12, 3, 47, 39, 907282)}
2023-07-12 11:47:42 [scrapy.core.engine] INFO: Spider closed (finished)
2023-07-12 11:48:32 [scrapy.utils.log] INFO: Scrapy 2.8.0 started (bot: book)
2023-07-12 11:48:32 [scrapy.utils.log] INFO: Versions: lxml 4.6.2.0, libxml2 2.9.10, cssselect 1.1.0, parsel 1.7.0, w3lib 2.1.1, Twisted 20.3.0, Python 3.8.10 (tags/v3.8.10:3d8993a, May  3 2021, 11:48:03) [MSC v.1928 64 bit (AMD64)], pyOpenSSL 23.0.0 (OpenSSL 3.0.8 7 Feb 2023), cryptography 39.0.2, Platform Windows-10-10.0.19041-SP0
2023-07-12 11:48:32 [scrapy.crawler] INFO: Overridden settings:
{'BOT_NAME': 'book',
 'COOKIES_ENABLED': False,
 'FEED_EXPORT_ENCODING': 'utf-8',
 'LOG_FILE': 'C:\\Users\\Administrator\\PycharmProjects\\spider_study\\scrapy_demo\\book\\book\\log\\scrapy_2023-07-12.log',
 'LOG_LEVEL': 'INFO',
 'NEWSPIDER_MODULE': 'book.spiders',
 'REQUEST_FINGERPRINTER_IMPLEMENTATION': '2.7',
 'SPIDER_MODULES': ['book.spiders'],
 'TWISTED_REACTOR': 'twisted.internet.asyncioreactor.AsyncioSelectorReactor'}
2023-07-12 11:48:32 [scrapy.extensions.telnet] INFO: Telnet Password: 9ae3fccfe1ea468f
2023-07-12 11:48:32 [scrapy.middleware] INFO: Enabled extensions:
['scrapy.extensions.corestats.CoreStats',
 'scrapy.extensions.telnet.TelnetConsole',
 'scrapy.extensions.logstats.LogStats',
 'book.tool.extensions.TimingExtension']
2023-07-12 11:48:32 [scrapy.middleware] INFO: Enabled downloader middlewares:
['scrapy.downloadermiddlewares.httpauth.HttpAuthMiddleware',
 'scrapy.downloadermiddlewares.downloadtimeout.DownloadTimeoutMiddleware',
 'scrapy.downloadermiddlewares.defaultheaders.DefaultHeadersMiddleware',
 'scrapy.downloadermiddlewares.useragent.UserAgentMiddleware',
 'book.middlewares.BookDownloaderMiddleware',
 'scrapy.downloadermiddlewares.retry.RetryMiddleware',
 'scrapy.downloadermiddlewares.redirect.MetaRefreshMiddleware',
 'scrapy.downloadermiddlewares.httpcompression.HttpCompressionMiddleware',
 'scrapy.downloadermiddlewares.redirect.RedirectMiddleware',
 'scrapy.downloadermiddlewares.httpproxy.HttpProxyMiddleware',
 'scrapy.downloadermiddlewares.stats.DownloaderStats']
2023-07-12 11:48:32 [scrapy.middleware] INFO: Enabled spider middlewares:
['scrapy.spidermiddlewares.httperror.HttpErrorMiddleware',
 'scrapy.spidermiddlewares.offsite.OffsiteMiddleware',
 'scrapy.spidermiddlewares.referer.RefererMiddleware',
 'scrapy.spidermiddlewares.urllength.UrlLengthMiddleware',
 'scrapy.spidermiddlewares.depth.DepthMiddleware']
2023-07-12 11:48:32 [scrapy.middleware] INFO: Enabled item pipelines:
[]
2023-07-12 11:48:32 [scrapy.core.engine] INFO: Spider opened
2023-07-12 11:48:33 [scrapy.extensions.logstats] INFO: Crawled 0 pages (at 0 pages/min), scraped 0 items (at 0 items/min)
2023-07-12 11:48:33 [scrape_book] INFO: Spider opened: scrape_book
2023-07-12 11:48:33 [scrapy.extensions.telnet] INFO: Telnet console listening on 127.0.0.1:6023
2023-07-12 11:48:33 [root] INFO: scrape_book正在请求的url是: https://spa5.scrape.center/api/book/?limit=18&offset=0
2023-07-12 11:48:33 [root] INFO: scrape_book正在请求的url是: https://spa5.scrape.center/api/book/?limit=18&offset=18
2023-07-12 11:48:33 [root] INFO: scrape_book正在请求的url是: https://spa5.scrape.center/api/book/?limit=18&offset=36
2023-07-12 11:48:40 [scrapy.core.engine] INFO: Closing spider (finished)
2023-07-12 11:48:40 [root] INFO: scrape_book爬取开始时间：2023-07-12 11:48:33
2023-07-12 11:48:40 [root] INFO: scrape_book爬取结束时间：2023-07-12 11:48:40
2023-07-12 11:48:40 [root] INFO: scrape_book爬取总耗时：0:00:07.440808
2023-07-12 11:48:40 [root] INFO: scrape_book爬取的Item总数：54
2023-07-12 11:48:40 [scrapy.statscollectors] INFO: Dumping Scrapy stats:
{'downloader/request_bytes': 829,
 'downloader/request_count': 3,
 'downloader/request_method_count/GET': 3,
 'downloader/response_bytes': 11273,
 'downloader/response_count': 3,
 'downloader/response_status_count/200': 3,
 'elapsed_time_seconds': 7.440808,
 'finish_reason': 'finished',
 'finish_time': datetime.datetime(2023, 7, 12, 3, 48, 40, 481311),
 'item_scraped_count': 54,
 'log_count/INFO': 18,
 'response_received_count': 3,
 'scheduler/dequeued': 3,
 'scheduler/dequeued/memory': 3,
 'scheduler/enqueued': 3,
 'scheduler/enqueued/memory': 3,
 'start_time': datetime.datetime(2023, 7, 12, 3, 48, 33, 40503)}
2023-07-12 11:48:40 [scrapy.core.engine] INFO: Spider closed (finished)
